TN:
SF:/mnt/c/Users/wajua/lessons/tweetz-api/bootstrap.js
FN:2,(anonymous_0)
FN:4,(anonymous_1)
FN:8,(anonymous_2)
FNF:3
FNH:0
FNDA:0,(anonymous_0)
FNDA:0,(anonymous_1)
FNDA:0,(anonymous_2)
DA:1,1
DA:2,1
DA:3,0
DA:4,0
DA:5,0
DA:8,0
DA:9,0
DA:11,0
DA:12,0
DA:15,1
LF:10
LH:3
BRF:0
BRH:0
end_of_record
TN:
SF:/mnt/c/Users/wajua/lessons/tweetz-api/src/app/context.js
FN:5,boostrapDataBase
FNF:1
FNH:0
FNDA:0,boostrapDataBase
DA:1,1
DA:2,1
DA:4,1
DA:6,0
DA:8,1
LF:5
LH:4
BRF:0
BRH:0
end_of_record
TN:
SF:/mnt/c/Users/wajua/lessons/tweetz-api/src/app/http.js
FNF:0
FNH:0
DA:1,1
DA:2,1
DA:4,1
DA:5,1
DA:6,1
DA:7,1
DA:9,1
LF:7
LH:7
BRF:0
BRH:0
end_of_record
TN:
SF:/mnt/c/Users/wajua/lessons/tweetz-api/src/db/index.js
FNF:0
FNH:0
DA:1,1
DA:4,1
DA:8,1
DA:12,1
LF:4
LH:4
BRDA:4,0,0,1
BRDA:4,0,1,0
BRF:2
BRH:1
end_of_record
TN:
SF:/mnt/c/Users/wajua/lessons/tweetz-api/src/tweetz/tweetz.model.js
FNF:0
FNH:0
DA:1,1
DA:2,1
DA:4,1
DA:17,1
LF:4
LH:4
BRF:0
BRH:0
end_of_record
TN:
SF:/mnt/c/Users/wajua/lessons/tweetz-api/src/tweetz/tweetz.service.js
FN:2,(anonymous_0)
FN:6,(anonymous_1)
FN:10,(anonymous_2)
FN:15,(anonymous_3)
FNF:4
FNH:0
FNDA:0,(anonymous_0)
FNDA:0,(anonymous_1)
FNDA:0,(anonymous_2)
FNDA:0,(anonymous_3)
DA:1,1
DA:2,1
DA:3,0
DA:6,1
DA:7,0
DA:10,1
DA:11,0
DA:12,0
DA:15,1
DA:16,0
DA:19,1
LF:11
LH:6
BRF:0
BRH:0
end_of_record
TN:
SF:/mnt/c/Users/wajua/lessons/tweetz-api/test/utils.js
FN:3,clearTweets
FN:7,makeTweet
FNF:2
FNH:1
FNDA:1,clearTweets
FNDA:0,makeTweet
DA:1,1
DA:2,1
DA:4,1
DA:5,1
DA:8,0
DA:9,0
DA:14,1
LF:7
LH:5
BRF:0
BRH:0
end_of_record
